# JRE version: Java(TM) SE Runtime Environment (8.0_45-b15) (build 1.8.0_45-b15)
# Java VM: Java HotSpot(TM) 64-Bit Server VM (25.45-b02 mixed mode windows-amd64 compressed oops)
Heap:
 PSYoungGen      total 137728K, used 78982K [0x000000076b400000, 0x000000077a980000, 0x00000007c0000000)
  eden space 126976K, 62% used [0x000000076b400000,0x0000000770121a80,0x0000000773000000)
  from space 10752K, 0% used [0x0000000773000000,0x0000000773000000,0x0000000773a80000)
  to   space 14336K, 0% used [0x0000000779b80000,0x0000000779b80000,0x000000077a980000)
 ParOldGen       total 120832K, used 17448K [0x00000006c1c00000, 0x00000006c9200000, 0x000000076b400000)
  object space 120832K, 14% used [0x00000006c1c00000,0x00000006c2d0a370,0x00000006c9200000)
 Metaspace       used 37596K, capacity 39624K, committed 39680K, reserved 1083392K
  class space    used 4972K, capacity 5333K, committed 5376K, reserved 1048576K
GC Heap History (10 events):
Event: 2.655 GC heap before
{Heap before GC invocations=3 (full 0):
 PSYoungGen      total 76288K, used 14447K [0x000000076b400000, 0x0000000774900000, 0x00000007c0000000)
  eden space 65536K, 5% used [0x000000076b400000,0x000000076b7cf2d8,0x000000076f400000)
  from space 10752K, 98% used [0x000000076fe80000,0x00000007708cc9b0,0x0000000770900000)
  to   space 10752K, 0% used [0x000000076f400000,0x000000076f400000,0x000000076fe80000)
 ParOldGen       total 175104K, used 24K [0x00000006c1c00000, 0x00000006cc700000, 0x000000076b400000)
  object space 175104K, 0% used [0x00000006c1c00000,0x00000006c1c06000,0x00000006cc700000)
 Metaspace       used 20534K, capacity 21226K, committed 21296K, reserved 1067008K
  class space    used 2703K, capacity 2907K, committed 2944K, reserved 1048576K
Event: 2.660 GC heap after
Heap after GC invocations=3 (full 0):
 PSYoungGen      total 76288K, used 5355K [0x000000076b400000, 0x0000000774900000, 0x00000007c0000000)
  eden space 65536K, 0% used [0x000000076b400000,0x000000076b400000,0x000000076f400000)
  from space 10752K, 49% used [0x000000076f400000,0x000000076f93aea0,0x000000076fe80000)
  to   space 10752K, 0% used [0x0000000773e80000,0x0000000773e80000,0x0000000774900000)
 ParOldGen       total 175104K, used 32K [0x00000006c1c00000, 0x00000006cc700000, 0x000000076b400000)
  object space 175104K, 0% used [0x00000006c1c00000,0x00000006c1c08000,0x00000006cc700000)
 Metaspace       used 20534K, capacity 21226K, committed 21296K, reserved 1067008K
  class space    used 2703K, capacity 2907K, committed 2944K, reserved 1048576K
}
Event: 2.660 GC heap before
{Heap before GC invocations=4 (full 1):
 PSYoungGen      total 76288K, used 5355K [0x000000076b400000, 0x0000000774900000, 0x00000007c0000000)
  eden space 65536K, 0% used [0x000000076b400000,0x000000076b400000,0x000000076f400000)
  from space 10752K, 49% used [0x000000076f400000,0x000000076f93aea0,0x000000076fe80000)
  to   space 10752K, 0% used [0x0000000773e80000,0x0000000773e80000,0x0000000774900000)
 ParOldGen       total 175104K, used 32K [0x00000006c1c00000, 0x00000006cc700000, 0x000000076b400000)
  object space 175104K, 0% used [0x00000006c1c00000,0x00000006c1c08000,0x00000006cc700000)
 Metaspace       used 20534K, capacity 21226K, committed 21296K, reserved 1067008K
  class space    used 2703K, capacity 2907K, committed 2944K, reserved 1048576K
Event: 2.691 GC heap after
Heap after GC invocations=4 (full 1):
 PSYoungGen      total 76288K, used 0K [0x000000076b400000, 0x0000000774900000, 0x00000007c0000000)
  eden space 65536K, 0% used [0x000000076b400000,0x000000076b400000,0x000000076f400000)
  from space 10752K, 0% used [0x000000076f400000,0x000000076f400000,0x000000076fe80000)
  to   space 10752K, 0% used [0x0000000773e80000,0x0000000773e80000,0x0000000774900000)
 ParOldGen       total 78848K, used 5234K [0x00000006c1c00000, 0x00000006c6900000, 0x000000076b400000)
  object space 78848K, 6% used [0x00000006c1c00000,0x00000006c211c868,0x00000006c6900000)
 Metaspace       used 20532K, capacity 21220K, committed 21296K, reserved 1067008K
  class space    used 2702K, capacity 2906K, committed 2944K, reserved 1048576K
}
Event: 3.165 GC heap before
{Heap before GC invocations=5 (full 1):
 PSYoungGen      total 76288K, used 65536K [0x000000076b400000, 0x0000000774900000, 0x00000007c0000000)
  eden space 65536K, 100% used [0x000000076b400000,0x000000076f400000,0x000000076f400000)
  from space 10752K, 0% used [0x000000076f400000,0x000000076f400000,0x000000076fe80000)
  to   space 10752K, 0% used [0x0000000773e80000,0x0000000773e80000,0x0000000774900000)
 ParOldGen       total 78848K, used 5234K [0x00000006c1c00000, 0x00000006c6900000, 0x000000076b400000)
  object space 78848K, 6% used [0x00000006c1c00000,0x00000006c211c868,0x00000006c6900000)
 Metaspace       used 23756K, capacity 24712K, committed 24960K, reserved 1071104K
  class space    used 3187K, capacity 3400K, committed 3456K, reserved 1048576K
Event: 3.170 GC heap after
Heap after GC invocations=5 (full 1):
 PSYoungGen      total 128512K, used 6255K [0x000000076b400000, 0x0000000774500000, 0x00000007c0000000)
  eden space 121856K, 0% used [0x000000076b400000,0x000000076b400000,0x0000000772b00000)
  from space 6656K, 93% used [0x0000000773e80000,0x000000077449bfc8,0x0000000774500000)
  to   space 10752K, 0% used [0x0000000773000000,0x0000000773000000,0x0000000773a80000)
 ParOldGen       total 78848K, used 5242K [0x00000006c1c00000, 0x00000006c6900000, 0x000000076b400000)
  object space 78848K, 6% used [0x00000006c1c00000,0x00000006c211e868,0x00000006c6900000)
 Metaspace       used 23756K, capacity 24712K, committed 24960K, reserved 1071104K
  class space    used 3187K, capacity 3400K, committed 3456K, reserved 1048576K
}
Event: 4.166 GC heap before
{Heap before GC invocations=6 (full 1):
 PSYoungGen      total 128512K, used 104128K [0x000000076b400000, 0x0000000774500000, 0x00000007c0000000)
  eden space 121856K, 80% used [0x000000076b400000,0x0000000771394048,0x0000000772b00000)
  from space 6656K, 93% used [0x0000000773e80000,0x000000077449bfc8,0x0000000774500000)
  to   space 10752K, 0% used [0x0000000773000000,0x0000000773000000,0x0000000773a80000)
 ParOldGen       total 78848K, used 5242K [0x00000006c1c00000, 0x00000006c6900000, 0x000000076b400000)
  object space 78848K, 6% used [0x00000006c1c00000,0x00000006c211e868,0x00000006c6900000)
 Metaspace       used 33830K, capacity 35376K, committed 35456K, reserved 1079296K
  class space    used 4405K, capacity 4702K, committed 4736K, reserved 1048576K
Event: 4.180 GC heap after
Heap after GC invocations=6 (full 1):
 PSYoungGen      total 137728K, used 10730K [0x000000076b400000, 0x000000077a980000, 0x00000007c0000000)
  eden space 126976K, 0% used [0x000000076b400000,0x000000076b400000,0x0000000773000000)
  from space 10752K, 99% used [0x0000000773000000,0x0000000773a7aab0,0x0000000773a80000)
  to   space 14336K, 0% used [0x0000000779b80000,0x0000000779b80000,0x000000077a980000)
 ParOldGen       total 78848K, used 7559K [0x00000006c1c00000, 0x00000006c6900000, 0x000000076b400000)
  object space 78848K, 9% used [0x00000006c1c00000,0x00000006c2361cc8,0x00000006c6900000)
 Metaspace       used 33830K, capacity 35376K, committed 35456K, reserved 1079296K
  class space    used 4405K, capacity 4702K, committed 4736K, reserved 1048576K
}
Event: 4.180 GC heap before
{Heap before GC invocations=7 (full 2):
 PSYoungGen      total 137728K, used 10730K [0x000000076b400000, 0x000000077a980000, 0x00000007c0000000)
  eden space 126976K, 0% used [0x000000076b400000,0x000000076b400000,0x0000000773000000)
  from space 10752K, 99% used [0x0000000773000000,0x0000000773a7aab0,0x0000000773a80000)
  to   space 14336K, 0% used [0x0000000779b80000,0x0000000779b80000,0x000000077a980000)
 ParOldGen       total 78848K, used 7559K [0x00000006c1c00000, 0x00000006c6900000, 0x000000076b400000)
  object space 78848K, 9% used [0x00000006c1c00000,0x00000006c2361cc8,0x00000006c6900000)
 Metaspace       used 33830K, capacity 35376K, committed 35456K, reserved 1079296K
  class space    used 4405K, capacity 4702K, committed 4736K, reserved 1048576K
Event: 4.269 GC heap after
Heap after GC invocations=7 (full 2):
 PSYoungGen      total 137728K, used 0K [0x000000076b400000, 0x000000077a980000, 0x00000007c0000000)
  eden space 126976K, 0% used [0x000000076b400000,0x000000076b400000,0x0000000773000000)
  from space 10752K, 0% used [0x0000000773000000,0x0000000773000000,0x0000000773a80000)
  to   space 14336K, 0% used [0x0000000779b80000,0x0000000779b80000,0x000000077a980000)
 ParOldGen       total 120832K, used 17448K [0x00000006c1c00000, 0x00000006c9200000, 0x000000076b400000)
  object space 120832K, 14% used [0x00000006c1c00000,0x00000006c2d0a370,0x00000006c9200000)
 Metaspace       used 33830K, capacity 35376K, committed 35456K, reserved 1079296K
  class space    used 4405K, capacity 4702K, committed 4736K, reserved 1048576K
}

